<?xml version="1.0" encoding="UTF-8"?>
<!-- Generated by org.testng.reporters.JUnitReportReporter -->
<testsuite skipped="0" hostname="dell-PC" name="testcases.TC001_LoginLogout" tests="1" failures="0" timestamp="2020-03-11T16:33:14 IST" time="58.445" errors="0">
  <testcase name="runTest" time="58.445" classname="testcases.TC001_LoginLogout"/>
</testsuite> <!-- testcases.TC001_LoginLogout -->
